<?xml version="1.0" encoding="UTF-8"?>
<!-- Generated by org.testng.reporters.JUnitXMLReporter -->
<testsuite hostname="LAPTOP-N98O9MGL" ignored="0" name="Test" tests="9" failures="1" timestamp="22 Aug 2021 20:03:28 GMT" time="63.222" errors="0">
  <testcase name="verifyBlogSectionHeader" time="0.274" classname="com.pageTest.HomeTest"/>
  <testcase name="verifyBlogSectionSubHeader" time="0.038" classname="com.pageTest.HomeTest"/>
  <testcase name="verifyBlogsTitles" time="0.059" classname="com.pageTest.HomeTest"/>
  <testcase name="verifyHeader" time="0.035" classname="com.pageTest.HomeTest"/>
  <testcase name="verifyToReadSpecifiedByReadMoreBuutonBlog" time="3.845" classname="com.pageTest.HomeTest"/>
  <testcase name="verifyAllPostBtn" time="2.183" classname="com.pageTest.BlogTest"/>
  <testcase name="verifyBlogDetails" time="0.037" classname="com.pageTest.BlogTest">
    <failure type="java.lang.AssertionError" message="expected [POSTED BY SYSTEM ADMINISTRATOR   JUN 25, 2019   NEWS VIEWS (170)] but found [POSTED BY SYSTEM ADMINISTRATOR   JUN 25, 2019   NEWS VIEWS (173)]">
      <![CDATA[java.lang.AssertionError: expected [POSTED BY SYSTEM ADMINISTRATOR   JUN 25, 2019   NEWS VIEWS (170)] but found [POSTED BY SYSTEM ADMINISTRATOR   JUN 25, 2019   NEWS VIEWS (173)]
at com.pageTest.BlogTest.verifyBlogDetails(BlogTest.java:30)
... Removed 31 stack frames]]>
    </failure>
  </testcase> <!-- verifyBlogDetails -->
  <testcase name="verifyImgOfPostBlog" time="0.187" classname="com.pageTest.BlogTest"/>
  <testcase name="verifySocialMediaSharingBtn" time="50.088" classname="com.pageTest.BlogTest"/>
</testsuite> <!-- Test -->
