<?xml version="1.0" encoding="UTF-8"?>
<!-- Generated by org.testng.reporters.JUnitXMLReporter -->
<testsuite hostname="LAPTOP-N98O9MGL" ignored="0" name="Test1" tests="9" failures="2" timestamp="25 Aug 2021 09:57:02 GMT" time="78.98" errors="0">
  <testcase name="verifyBlogSectionHeader" time="0.489" classname="com.pageTest.HomeTest"/>
  <testcase name="verifyBlogSectionSubHeader" time="0.078" classname="com.pageTest.HomeTest"/>
  <testcase name="verifyBlogsTitles" time="0.109" classname="com.pageTest.HomeTest"/>
  <testcase name="verifyHeader" time="0.063" classname="com.pageTest.HomeTest"/>
  <testcase name="verifyToReadSpecifiedByReadMoreBuutonBlog" time="8.385" classname="com.pageTest.HomeTest"/>
  <testcase name="verifyAllPostBtn" time="1.945" classname="com.pageTest.BlogTest">
    <failure type="java.lang.NullPointerException">
      <![CDATA[java.lang.NullPointerException
at com.pageTest.BlogTest.verifyAllPostBtn(BlogTest.java:47)
at java.util.concurrent.FutureTask.run(FutureTask.java:266)
at java.util.concurrent.ThreadPoolExecutor.runWorker(ThreadPoolExecutor.java:1149)
at java.util.concurrent.ThreadPoolExecutor$Worker.run(ThreadPoolExecutor.java:624)
at java.lang.Thread.run(Thread.java:748)
... Removed 16 stack frames]]>
    </failure>
  </testcase> <!-- verifyAllPostBtn -->
  <testcase name="verifyBlogDetails" time="0.063" classname="com.pageTest.BlogTest">
    <failure type="java.lang.AssertionError" message="expected [POSTED BY SYSTEM ADMINISTRATOR   JUN 25, 2019   NEWS VIEWS (170)] but found [POSTED BY SYSTEM ADMINISTRATOR   JUN 25, 2019   NEWS VIEWS (221)]">
      <![CDATA[java.lang.AssertionError: expected [POSTED BY SYSTEM ADMINISTRATOR   JUN 25, 2019   NEWS VIEWS (170)] but found [POSTED BY SYSTEM ADMINISTRATOR   JUN 25, 2019   NEWS VIEWS (221)]
at com.pageTest.BlogTest.verifyBlogDetails(BlogTest.java:30)
at java.util.concurrent.FutureTask.run(FutureTask.java:266)
at java.util.concurrent.ThreadPoolExecutor.runWorker(ThreadPoolExecutor.java:1149)
at java.util.concurrent.ThreadPoolExecutor$Worker.run(ThreadPoolExecutor.java:624)
at java.lang.Thread.run(Thread.java:748)
... Removed 22 stack frames]]>
    </failure>
  </testcase> <!-- verifyBlogDetails -->
  <testcase name="verifyImgOfPostBlog" time="0.154" classname="com.pageTest.BlogTest"/>
  <testcase name="verifySocialMediaSharingBtn" time="50.083" classname="com.pageTest.BlogTest"/>
</testsuite> <!-- Test1 -->
