<?xml version="1.0" encoding="UTF-8"?>
<testng-results skipped="0" failed="2" ignored="0" total="9" passed="7">
  <reporter-output>
  </reporter-output>
  <suite name="Suite" duration-ms="78980" started-at="2021-08-25T09:55:43Z" finished-at="2021-08-25T09:57:01Z">
    <groups>
    </groups>
    <test name="Test1" duration-ms="78980" started-at="2021-08-25T09:55:43Z" finished-at="2021-08-25T09:57:01Z">
      <class name="com.pageTest.HomeTest">
        <test-method status="PASS" signature="setup()[pri:0, instance:com.pageTest.HomeTest@65e2dbf3]" name="setup" is-config="true" duration-ms="17519" started-at="2021-08-25T09:55:43Z" finished-at="2021-08-25T09:56:00Z">
          <reporter-output>
          </reporter-output>
        </test-method> <!-- setup -->
        <test-method status="PASS" signature="verifyBlogSectionHeader()[pri:0, instance:com.pageTest.HomeTest@65e2dbf3]" name="verifyBlogSectionHeader" duration-ms="489" started-at="2021-08-25T09:56:00Z" finished-at="2021-08-25T09:56:01Z">
          <reporter-output>
          </reporter-output>
        </test-method> <!-- verifyBlogSectionHeader -->
        <test-method status="PASS" signature="verifyBlogSectionSubHeader()[pri:0, instance:com.pageTest.HomeTest@65e2dbf3]" name="verifyBlogSectionSubHeader" duration-ms="78" started-at="2021-08-25T09:56:01Z" finished-at="2021-08-25T09:56:01Z">
          <reporter-output>
          </reporter-output>
        </test-method> <!-- verifyBlogSectionSubHeader -->
        <test-method status="PASS" signature="verifyBlogsTitles()[pri:0, instance:com.pageTest.HomeTest@65e2dbf3]" name="verifyBlogsTitles" duration-ms="109" started-at="2021-08-25T09:56:01Z" finished-at="2021-08-25T09:56:01Z">
          <reporter-output>
          </reporter-output>
        </test-method> <!-- verifyBlogsTitles -->
        <test-method status="PASS" signature="verifyHeader()[pri:0, instance:com.pageTest.HomeTest@65e2dbf3]" name="verifyHeader" duration-ms="63" started-at="2021-08-25T09:56:01Z" finished-at="2021-08-25T09:56:01Z">
          <reporter-output>
          </reporter-output>
        </test-method> <!-- verifyHeader -->
        <test-method status="PASS" signature="verifyToReadSpecifiedByReadMoreBuutonBlog()[pri:0, instance:com.pageTest.HomeTest@65e2dbf3]" name="verifyToReadSpecifiedByReadMoreBuutonBlog" duration-ms="8385" started-at="2021-08-25T09:56:01Z" finished-at="2021-08-25T09:56:09Z">
          <reporter-output>
          </reporter-output>
        </test-method> <!-- verifyToReadSpecifiedByReadMoreBuutonBlog -->
      </class> <!-- com.pageTest.HomeTest -->
      <class name="com.pageTest.BlogTest">
        <test-method status="PASS" signature="setup()[pri:0, instance:com.pageTest.BlogTest@4f970963]" name="setup" is-config="true" duration-ms="0" started-at="2021-08-25T09:56:09Z" finished-at="2021-08-25T09:56:09Z">
          <reporter-output>
          </reporter-output>
        </test-method> <!-- setup -->
        <test-method status="FAIL" signature="verifyAllPostBtn()[pri:0, instance:com.pageTest.BlogTest@4f970963]" name="verifyAllPostBtn" duration-ms="1945" started-at="2021-08-25T09:56:09Z" finished-at="2021-08-25T09:56:11Z">
          <exception class="java.lang.NullPointerException">
            <full-stacktrace>
              <![CDATA[java.lang.NullPointerException
at com.pageTest.BlogTest.verifyAllPostBtn(BlogTest.java:47)
at sun.reflect.NativeMethodAccessorImpl.invoke0(Native Method)
at sun.reflect.NativeMethodAccessorImpl.invoke(NativeMethodAccessorImpl.java:62)
at sun.reflect.DelegatingMethodAccessorImpl.invoke(DelegatingMethodAccessorImpl.java:43)
at java.lang.reflect.Method.invoke(Method.java:498)
at org.testng.internal.MethodInvocationHelper.invokeMethod(MethodInvocationHelper.java:124)
at org.testng.internal.Invoker.invokeMethod(Invoker.java:583)
at org.testng.internal.Invoker.invokeTestMethod(Invoker.java:719)
at org.testng.internal.Invoker.invokeTestMethods(Invoker.java:989)
at org.testng.internal.TestMethodWorker.invokeTestMethods(TestMethodWorker.java:125)
at org.testng.internal.TestMethodWorker.run(TestMethodWorker.java:109)
at org.testng.TestRunner.privateRun(TestRunner.java:648)
at org.testng.TestRunner.run(TestRunner.java:505)
at org.testng.SuiteRunner.runTest(SuiteRunner.java:455)
at org.testng.SuiteRunner.access$000(SuiteRunner.java:40)
at org.testng.SuiteRunner$SuiteWorker.run(SuiteRunner.java:489)
at org.testng.internal.thread.ThreadUtil$1.call(ThreadUtil.java:52)
at java.util.concurrent.FutureTask.run(FutureTask.java:266)
at java.util.concurrent.ThreadPoolExecutor.runWorker(ThreadPoolExecutor.java:1149)
at java.util.concurrent.ThreadPoolExecutor$Worker.run(ThreadPoolExecutor.java:624)
at java.lang.Thread.run(Thread.java:748)
]]>
            </full-stacktrace>
          </exception> <!-- java.lang.NullPointerException -->
          <reporter-output>
          </reporter-output>
        </test-method> <!-- verifyAllPostBtn -->
        <test-method status="FAIL" signature="verifyBlogDetails()[pri:0, instance:com.pageTest.BlogTest@4f970963]" name="verifyBlogDetails" duration-ms="63" started-at="2021-08-25T09:56:11Z" finished-at="2021-08-25T09:56:11Z">
          <exception class="java.lang.AssertionError">
            <message>
              <![CDATA[expected [POSTED BY SYSTEM ADMINISTRATOR   JUN 25, 2019   NEWS VIEWS (170)] but found [POSTED BY SYSTEM ADMINISTRATOR   JUN 25, 2019   NEWS VIEWS (221)]]]>
            </message>
            <full-stacktrace>
              <![CDATA[java.lang.AssertionError: expected [POSTED BY SYSTEM ADMINISTRATOR   JUN 25, 2019   NEWS VIEWS (170)] but found [POSTED BY SYSTEM ADMINISTRATOR   JUN 25, 2019   NEWS VIEWS (221)]
at org.testng.Assert.fail(Assert.java:96)
at org.testng.Assert.failNotEquals(Assert.java:776)
at org.testng.Assert.assertEqualsImpl(Assert.java:137)
at org.testng.Assert.assertEquals(Assert.java:118)
at org.testng.Assert.assertEquals(Assert.java:453)
at org.testng.Assert.assertEquals(Assert.java:463)
at com.pageTest.BlogTest.verifyBlogDetails(BlogTest.java:30)
at sun.reflect.NativeMethodAccessorImpl.invoke0(Native Method)
at sun.reflect.NativeMethodAccessorImpl.invoke(NativeMethodAccessorImpl.java:62)
at sun.reflect.DelegatingMethodAccessorImpl.invoke(DelegatingMethodAccessorImpl.java:43)
at java.lang.reflect.Method.invoke(Method.java:498)
at org.testng.internal.MethodInvocationHelper.invokeMethod(MethodInvocationHelper.java:124)
at org.testng.internal.Invoker.invokeMethod(Invoker.java:583)
at org.testng.internal.Invoker.invokeTestMethod(Invoker.java:719)
at org.testng.internal.Invoker.invokeTestMethods(Invoker.java:989)
at org.testng.internal.TestMethodWorker.invokeTestMethods(TestMethodWorker.java:125)
at org.testng.internal.TestMethodWorker.run(TestMethodWorker.java:109)
at org.testng.TestRunner.privateRun(TestRunner.java:648)
at org.testng.TestRunner.run(TestRunner.java:505)
at org.testng.SuiteRunner.runTest(SuiteRunner.java:455)
at org.testng.SuiteRunner.access$000(SuiteRunner.java:40)
at org.testng.SuiteRunner$SuiteWorker.run(SuiteRunner.java:489)
at org.testng.internal.thread.ThreadUtil$1.call(ThreadUtil.java:52)
at java.util.concurrent.FutureTask.run(FutureTask.java:266)
at java.util.concurrent.ThreadPoolExecutor.runWorker(ThreadPoolExecutor.java:1149)
at java.util.concurrent.ThreadPoolExecutor$Worker.run(ThreadPoolExecutor.java:624)
at java.lang.Thread.run(Thread.java:748)
]]>
            </full-stacktrace>
          </exception> <!-- java.lang.AssertionError -->
          <reporter-output>
          </reporter-output>
        </test-method> <!-- verifyBlogDetails -->
        <test-method status="PASS" signature="verifyImgOfPostBlog()[pri:0, instance:com.pageTest.BlogTest@4f970963]" name="verifyImgOfPostBlog" duration-ms="154" started-at="2021-08-25T09:56:11Z" finished-at="2021-08-25T09:56:11Z">
          <reporter-output>
          </reporter-output>
        </test-method> <!-- verifyImgOfPostBlog -->
        <test-method status="PASS" signature="verifySocialMediaSharingBtn()[pri:0, instance:com.pageTest.BlogTest@4f970963]" name="verifySocialMediaSharingBtn" duration-ms="50083" started-at="2021-08-25T09:56:11Z" finished-at="2021-08-25T09:57:01Z">
          <reporter-output>
          </reporter-output>
        </test-method> <!-- verifySocialMediaSharingBtn -->
      </class> <!-- com.pageTest.BlogTest -->
    </test> <!-- Test1 -->
  </suite> <!-- Suite -->
</testng-results>
