<?xml version="1.0" encoding="UTF-8"?>
<!-- Generated by org.testng.reporters.JUnitXMLReporter -->
<testsuite hostname="LAPTOP-N98O9MGL" ignored="0" name="Default test" tests="5" failures="0" timestamp="25 Aug 2021 09:51:32 GMT" time="45.737" errors="0">
  <testcase name="verifyBlogSectionHeader" time="0.446" classname="com.pageTest.HomeTest"/>
  <testcase name="verifyBlogSectionSubHeader" time="0.062" classname="com.pageTest.HomeTest"/>
  <testcase name="verifyBlogsTitles" time="0.11" classname="com.pageTest.HomeTest"/>
  <testcase name="verifyHeader" time="0.049" classname="com.pageTest.HomeTest"/>
  <testcase name="verifyToReadSpecifiedByReadMoreBuutonBlog" time="7.791" classname="com.pageTest.HomeTest"/>
</testsuite> <!-- Default test -->
